================================================================================
FINAL QUALITATIVE COMPARISON - JAMBI-OPTIMIZED COLORS
================================================================================

STEP 1: Load Boundaries
--------------------------------------------------------------------------------
  Province: [101.13055667  -2.77005799 104.50072837  -0.73043093]
  City: [103.457254  -1.759972 103.757254  -1.459972]

STEP 2: Load Sentinel-2 Imagery
--------------------------------------------------------------------------------
  Loaded: (10, 11268, 18740)

STEP 3: Load Ground Truth
--------------------------------------------------------------------------------
  Rasterized: (11268, 18740)

STEP 4: Generate PROVINCE-WIDE Visualizations
--------------------------------------------------------------------------------

  Creating: sentinel2_rgb_jambi_province.png...

  Creating: ground_truth_klhk_jambi_province.png...

  Creating: resnet18_prediction_jambi_province.png...

  Creating: resnet34_prediction_jambi_province.png...

  Creating: resnet50_prediction_jambi_province.png...

  Creating: resnet101_prediction_jambi_province.png...

  Creating: resnet152_prediction_jambi_province.png...

STEP 5: Generate CITY-LEVEL Visualizations
--------------------------------------------------------------------------------

  Creating: sentinel2_rgb_jambi_city.png...

  Creating: ground_truth_klhk_jambi_city.png...

  Creating: resnet18_prediction_jambi_city.png...

  Creating: resnet34_prediction_jambi_city.png...

  Creating: resnet50_prediction_jambi_city.png...

  Creating: resnet101_prediction_jambi_city.png...

  Creating: resnet152_prediction_jambi_city.png...

================================================================================
COMPLETE!
================================================================================

✅ Output: results/qualitative_comparison_FIXED/province/ (7 files)
✅ Output: results/qualitative_comparison_FIXED/city/ (7 files)

📊 CUSTOM COLOR SCHEME (Optimized for Jambi):
--------------------------------------------------------------------------------
  Crops (57.32%):  Light green  #90EE90 - Agricultural
  Forest (37.21%): Forest green #228B22 - Traditional
  Built (2.73%):   Deep pink    #FF1493 - HIGHLY VISIBLE
  Bare (1.48%):    Brown        #D2691E - Earthly
  Water (1.07%):   Blue         #0066CC - Clear
  Shrub (0.19%):   Dark orange  #FF8C00 - Visible
