================================================================================
FINAL QUALITATIVE COMPARISON - JAMBI-OPTIMIZED COLORS
================================================================================

STEP 1: Load Boundaries
--------------------------------------------------------------------------------
  ✅ Using GeoBoundaries Province boundary (ADM1)
  ✅ Using GeoBoundaries City boundary (ADM2)
  Province: [101.1225586   -2.7704315  104.48937076  -0.7462521 ]
  City: [103.5252588  -1.6949579 103.6809712  -1.5462626]

STEP 2: Load Sentinel-2 Imagery
--------------------------------------------------------------------------------
  Loaded: (10, 11268, 18740)

STEP 3: Load Ground Truth
--------------------------------------------------------------------------------
  Rasterized: (11268, 18740)

STEP 4: Generate PROVINCE-WIDE Visualizations
--------------------------------------------------------------------------------

  Creating: sentinel2_rgb_jambi_province.png...

  Creating: ground_truth_klhk_jambi_province.png...

  Creating: resnet18_prediction_jambi_province.png...

  Creating: resnet34_prediction_jambi_province.png...

  Creating: resnet50_prediction_jambi_province.png...

  Creating: resnet101_prediction_jambi_province.png...

  Creating: resnet152_prediction_jambi_province.png...

STEP 5: Generate CITY-LEVEL Visualizations
--------------------------------------------------------------------------------

  Creating: sentinel2_rgb_jambi_city.png...

  Creating: ground_truth_klhk_jambi_city.png...

  Creating: resnet18_prediction_jambi_city.png...

  Creating: resnet34_prediction_jambi_city.png...

  Creating: resnet50_prediction_jambi_city.png...

  Creating: resnet101_prediction_jambi_city.png...

  Creating: resnet152_prediction_jambi_city.png...

================================================================================
COMPLETE!
================================================================================

✅ Output: results/qualitative_FINAL_DRY_SEASON/province/ (7 files)
✅ Output: results/qualitative_FINAL_DRY_SEASON/city/ (7 files)

📊 CUSTOM COLOR SCHEME (Optimized for Jambi):
--------------------------------------------------------------------------------
  Crops (57.32%):  Light green  #90EE90 - Agricultural
  Forest (37.21%): Forest green #228B22 - Traditional
  Built (2.73%):   Deep pink    #FF1493 - HIGHLY VISIBLE
  Bare (1.48%):    Brown        #D2691E - Earthly
  Water (1.07%):   Blue         #0066CC - Clear
  Shrub (0.19%):   Dark orange  #FF8C00 - Visible
