================================================================================
TRAINING ALL RESNET VARIANTS
================================================================================
Start: 2026-01-03 19:39:29
Device: cuda

--------------------------------------------------------------------------------
LOADING DATA
--------------------------------------------------------------------------------
✓ KLHK: 27,995 polygons
✓ Sentinel-2: (10, 11268, 18740)
✓ Features: 23 bands
✓ Labels: (11268, 18740)

Extracting patches...

📦 Extracting patches:
   Patch size: 32x32
   Stride: 16
   Input shape: (23, 11268, 18740)
   Total possible patches: 822,510
   Valid patches: 480,718
   Sampling 100,000 patches...

   ⚠️  Remapping non-sequential labels for PyTorch:
     0 → 0
     1 → 1
     4 → 2
     5 → 3
     6 → 4
     7 → 5

   Final patches: 100,000
   Patch shape: (23, 32, 32)

   Class distribution (after remapping):
     Class 0: 1,113 (1.1%)
     Class 1: 37,082 (37.1%)
     Class 2: 57,349 (57.3%)
     Class 3: 175 (0.2%)
     Class 4: 2,782 (2.8%)
     Class 5: 1,499 (1.5%)
✓ Patches: X=(100000, 23, 32, 32), y=(100000,)

Normalizing each channel independently...
   Channel  0: mean=     nan, std=     nan
   Channel  5: mean=     nan, std=     nan
   Channel 10: mean=     nan, std=     nan
   Channel 15: mean=     nan, std=     nan
   Channel 20: mean=     nan, std=     nan
✓ Normalized
✓ Train: 80,000, Test: 20,000

################################################################################
# 1/4: RESNET18
################################################################################

================================================================================
TRAINING RESNET18
================================================================================
[ 1/30] Loss: nan/nan Acc: 1.11%/1.11% ✓
