This is pdfTeX, Version 3.141592653-2.6-1.40.28 (MiKTeX 25.12) (preloaded format=pdflatex 2026.2.17)  24 FEB 2026 09:27
entering extended mode
 restricted \write18 enabled.
 %&-line parsing enabled.
**./manuscript_humanized.tex
(manuscript_humanized.tex
LaTeX2e <2025-11-01>
L3 programming layer <2025-12-24>

(C:\Users\MyPC PRO\AppData\Local\Programs\MiKTeX\tex/latex/ieeetran\IEEEtran.cl
s
Document Class: IEEEtran 2015/08/26 V1.8b by Michael Shell
-- See the "IEEEtran_HOWTO" manual for usage information.
-- http://www.michaelshell.org/tex/ieeetran/
\@IEEEtrantmpdimenA=\dimen148
\@IEEEtrantmpdimenB=\dimen149
\@IEEEtrantmpdimenC=\dimen150
\@IEEEtrantmpcountA=\count275
\@IEEEtrantmpcountB=\count276
\@IEEEtrantmpcountC=\count277
\@IEEEtrantmptoksA=\toks17
LaTeX Font Info:    Trying to load font information for OT1+ptm on input line 5
03.
(C:\Users\MyPC PRO\AppData\Local\Programs\MiKTeX\tex/latex/psnfss\ot1ptm.fd
File: ot1ptm.fd 2001/06/04 font definitions for OT1/ptm.
)
-- Using 8.5in x 11in (letter) paper.
-- Using PDF output.
\@IEEEnormalsizeunitybaselineskip=\dimen151
-- This is a 10 point document.
LaTeX Encoding Info:    Redeclaring text command \textunderscore (encoding ?) o
n input line 937.
\CLASSINFOnormalsizebaselineskip=\dimen152
\CLASSINFOnormalsizeunitybaselineskip=\dimen153
\IEEEnormaljot=\dimen154
LaTeX Font Info:    Font shape `OT1/ptm/bx/n' in size <5> not available
(Font)              Font shape `OT1/ptm/b/n' tried instead on input line 1090.
LaTeX Font Info:    Font shape `OT1/ptm/bx/it' in size <5> not available
(Font)              Font shape `OT1/ptm/b/it' tried instead on input line 1090.

LaTeX Font Info:    Font shape `OT1/ptm/bx/n' in size <7> not available
(Font)              Font shape `OT1/ptm/b/n' tried instead on input line 1090.
LaTeX Font Info:    Font shape `OT1/ptm/bx/it' in size <7> not available
(Font)              Font shape `OT1/ptm/b/it' tried instead on input line 1090.

LaTeX Font Info:    Font shape `OT1/ptm/bx/n' in size <8> not available
(Font)              Font shape `OT1/ptm/b/n' tried instead on input line 1090.
LaTeX Font Info:    Font shape `OT1/ptm/bx/it' in size <8> not available
(Font)              Font shape `OT1/ptm/b/it' tried instead on input line 1090.

LaTeX Font Info:    Font shape `OT1/ptm/bx/n' in size <9> not available
(Font)              Font shape `OT1/ptm/b/n' tried instead on input line 1090.
LaTeX Font Info:    Font shape `OT1/ptm/bx/it' in size <9> not available
(Font)              Font shape `OT1/ptm/b/it' tried instead on input line 1090.

LaTeX Font Info:    Font shape `OT1/ptm/bx/n' in size <10> not available
(Font)              Font shape `OT1/ptm/b/n' tried instead on input line 1090.
LaTeX Font Info:    Font shape `OT1/ptm/bx/it' in size <10> not available
(Font)              Font shape `OT1/ptm/b/it' tried instead on input line 1090.

LaTeX Font Info:    Font shape `OT1/ptm/bx/n' in size <11> not available
(Font)              Font shape `OT1/ptm/b/n' tried instead on input line 1090.
LaTeX Font Info:    Font shape `OT1/ptm/bx/it' in size <11> not available
(Font)              Font shape `OT1/ptm/b/it' tried instead on input line 1090.

LaTeX Font Info:    Font shape `OT1/ptm/bx/n' in size <12> not available
(Font)              Font shape `OT1/ptm/b/n' tried instead on input line 1090.
LaTeX Font Info:    Font shape `OT1/ptm/bx/it' in size <12> not available
(Font)              Font shape `OT1/ptm/b/it' tried instead on input line 1090.

LaTeX Font Info:    Font shape `OT1/ptm/bx/n' in size <17> not available
(Font)              Font shape `OT1/ptm/b/n' tried instead on input line 1090.
LaTeX Font Info:    Font shape `OT1/ptm/bx/it' in size <17> not available
(Font)              Font shape `OT1/ptm/b/it' tried instead on input line 1090.

LaTeX Font Info:    Font shape `OT1/ptm/bx/n' in size <20> not available
(Font)              Font shape `OT1/ptm/b/n' tried instead on input line 1090.
LaTeX Font Info:    Font shape `OT1/ptm/bx/it' in size <20> not available
(Font)              Font shape `OT1/ptm/b/it' tried instead on input line 1090.

LaTeX Font Info:    Font shape `OT1/ptm/bx/n' in size <24> not available
(Font)              Font shape `OT1/ptm/b/n' tried instead on input line 1090.
LaTeX Font Info:    Font shape `OT1/ptm/bx/it' in size <24> not available
(Font)              Font shape `OT1/ptm/b/it' tried instead on input line 1090.

\IEEEquantizedlength=\dimen155
\IEEEquantizedlengthdiff=\dimen156
\IEEEquantizedtextheightdiff=\dimen157
\IEEEilabelindentA=\dimen158
\IEEEilabelindentB=\dimen159
\IEEEilabelindent=\dimen160
\IEEEelabelindent=\dimen161
\IEEEdlabelindent=\dimen162
\IEEElabelindent=\dimen163
\IEEEiednormlabelsep=\dimen164
\IEEEiedmathlabelsep=\dimen165
\IEEEiedtopsep=\skip49
\c@section=\count278
\c@subsection=\count279
\c@subsubsection=\count280
\c@paragraph=\count281
\c@IEEEsubequation=\count282
\abovecaptionskip=\skip50
\belowcaptionskip=\skip51
\c@figure=\count283
\c@table=\count284
\@IEEEeqnnumcols=\count285
\@IEEEeqncolcnt=\count286
\@IEEEsubeqnnumrollback=\count287
\@IEEEquantizeheightA=\dimen166
\@IEEEquantizeheightB=\dimen167
\@IEEEquantizeheightC=\dimen168
\@IEEEquantizeprevdepth=\dimen169
\@IEEEquantizemultiple=\count288
\@IEEEquantizeboxA=\box53
\@IEEEtmpitemindent=\dimen170
\IEEEPARstartletwidth=\dimen171
\c@IEEEbiography=\count289
\@IEEEtranrubishbin=\box54
) (C:\Users\MyPC PRO\AppData\Local\Programs\MiKTeX\tex/latex/base\inputenc.sty
Package: inputenc 2024/02/08 v1.3d Input encoding file
\inpenc@prehook=\toks18
\inpenc@posthook=\toks19
) (C:\Users\MyPC PRO\AppData\Local\Programs\MiKTeX\tex/latex/base\fontenc.sty
Package: fontenc 2025/07/18 v2.1d Standard LaTeX package
LaTeX Font Info:    Trying to load font information for T1+ptm on input line 11
6.

(C:\Users\MyPC PRO\AppData\Local\Programs\MiKTeX\tex/latex/psnfss\t1ptm.fd
File: t1ptm.fd 2001/06/04 font definitions for T1/ptm.
))
(C:\Users\MyPC PRO\AppData\Local\Programs\MiKTeX\tex/latex/graphics\graphicx.st
y
Package: graphicx 2024/12/31 v1.2e Enhanced LaTeX Graphics (DPC,SPQR)

(C:\Users\MyPC PRO\AppData\Local\Programs\MiKTeX\tex/latex/graphics\keyval.sty
Package: keyval 2022/05/29 v1.15 key=value parser (DPC)
\KV@toks@=\toks20
)
(C:\Users\MyPC PRO\AppData\Local\Programs\MiKTeX\tex/latex/graphics\graphics.st
y
Package: graphics 2024/08/06 v1.4g Standard LaTeX Graphics (DPC,SPQR)
 (C:\Users\MyPC PRO\AppData\Local\Programs\MiKTeX\tex/latex/graphics\trig.sty
Package: trig 2023/12/02 v1.11 sin cos tan (DPC)
)
(C:\Users\MyPC PRO\AppData\Local\Programs\MiKTeX\tex/latex/graphics-cfg\graphic
s.cfg
File: graphics.cfg 2016/06/04 v1.11 sample graphics configuration
)
Package graphics Info: Driver file: pdftex.def on input line 106.

(C:\Users\MyPC PRO\AppData\Local\Programs\MiKTeX\tex/latex/graphics-def\pdftex.
def
File: pdftex.def 2025/09/29 v1.2d Graphics/color driver for pdftex
))
\Gin@req@height=\dimen172
\Gin@req@width=\dimen173
)
(C:\Users\MyPC PRO\AppData\Local\Programs\MiKTeX\tex/latex/amsmath\amsmath.sty
Package: amsmath 2025/07/09 v2.17z AMS math features
\@mathmargin=\skip52

For additional information on amsmath, use the `?' option.
(C:\Users\MyPC PRO\AppData\Local\Programs\MiKTeX\tex/latex/amsmath\amstext.sty
Package: amstext 2024/11/17 v2.01 AMS text

(C:\Users\MyPC PRO\AppData\Local\Programs\MiKTeX\tex/latex/amsmath\amsgen.sty
File: amsgen.sty 1999/11/30 v2.0 generic functions
\@emptytoks=\toks21
\ex@=\dimen174
)) (C:\Users\MyPC PRO\AppData\Local\Programs\MiKTeX\tex/latex/amsmath\amsbsy.st
y
Package: amsbsy 1999/11/29 v1.2d Bold Symbols
\pmbraise@=\dimen175
) (C:\Users\MyPC PRO\AppData\Local\Programs\MiKTeX\tex/latex/amsmath\amsopn.sty
Package: amsopn 2022/04/08 v2.04 operator names
)
\inf@bad=\count290
LaTeX Info: Redefining \frac on input line 233.
\uproot@=\count291
\leftroot@=\count292
LaTeX Info: Redefining \overline on input line 398.
LaTeX Info: Redefining \colon on input line 409.
\classnum@=\count293
\DOTSCASE@=\count294
LaTeX Info: Redefining \ldots on input line 495.
LaTeX Info: Redefining \dots on input line 498.
LaTeX Info: Redefining \cdots on input line 619.
\Mathstrutbox@=\box55
\strutbox@=\box56
LaTeX Info: Redefining \big on input line 721.
LaTeX Info: Redefining \Big on input line 722.
LaTeX Info: Redefining \bigg on input line 723.
LaTeX Info: Redefining \Bigg on input line 724.
\big@size=\dimen176
LaTeX Font Info:    Redeclaring font encoding OML on input line 742.
LaTeX Font Info:    Redeclaring font encoding OMS on input line 743.
\macc@depth=\count295
LaTeX Info: Redefining \bmod on input line 904.
LaTeX Info: Redefining \pmod on input line 909.
LaTeX Info: Redefining \smash on input line 939.
LaTeX Info: Redefining \relbar on input line 969.
LaTeX Info: Redefining \Relbar on input line 970.
\c@MaxMatrixCols=\count296
\dotsspace@=\muskip17
\c@parentequation=\count297
\dspbrk@lvl=\count298
\tag@help=\toks22
\row@=\count299
\column@=\count300
\maxfields@=\count301
\andhelp@=\toks23
\eqnshift@=\dimen177
\alignsep@=\dimen178
\tagshift@=\dimen179
\tagwidth@=\dimen180
\totwidth@=\dimen181
\lineht@=\dimen182
\@envbody=\toks24
\multlinegap=\skip53
\multlinetaggap=\skip54
\mathdisplay@stack=\toks25
LaTeX Info: Redefining \[ on input line 2950.
LaTeX Info: Redefining \] on input line 2951.
)
(C:\Users\MyPC PRO\AppData\Local\Programs\MiKTeX\tex/latex/amsfonts\amssymb.sty
Package: amssymb 2013/01/14 v3.01 AMS font symbols

(C:\Users\MyPC PRO\AppData\Local\Programs\MiKTeX\tex/latex/amsfonts\amsfonts.st
y
Package: amsfonts 2013/01/14 v3.01 Basic AMSFonts support
\symAMSa=\mathgroup4
\symAMSb=\mathgroup5
LaTeX Font Info:    Redeclaring math symbol \hbar on input line 98.
LaTeX Font Info:    Overwriting math alphabet `\mathfrak' in version `bold'
(Font)                  U/euf/m/n --> U/euf/b/n on input line 106.
))
(C:\Users\MyPC PRO\AppData\Local\Programs\MiKTeX\tex/latex/booktabs\booktabs.st
y
Package: booktabs 2020/01/12 v1.61803398 Publication quality tables
\heavyrulewidth=\dimen183
\lightrulewidth=\dimen184
\cmidrulewidth=\dimen185
\belowrulesep=\dimen186
\belowbottomsep=\dimen187
\aboverulesep=\dimen188
\abovetopsep=\dimen189
\cmidrulesep=\dimen190
\cmidrulekern=\dimen191
\defaultaddspace=\dimen192
\@cmidla=\count302
\@cmidlb=\count303
\@aboverulesep=\dimen193
\@belowrulesep=\dimen194
\@thisruleclass=\count304
\@lastruleclass=\count305
\@thisrulewidth=\dimen195
)
(C:\Users\MyPC PRO\AppData\Local\Programs\MiKTeX\tex/latex/multirow\multirow.st
y
Package: multirow 2024/11/12 v2.9 Span multiple rows of a table
\multirow@colwidth=\skip55
\multirow@cntb=\count306
\multirow@dima=\skip56
\bigstrutjot=\dimen196
) (C:\Users\MyPC PRO\AppData\Local\Programs\MiKTeX\tex/latex/tools\array.sty
Package: array 2025/09/25 v2.6n Tabular extension package (FMi)
\col@sep=\dimen197
\ar@mcellbox=\box57
\extrarowheight=\dimen198
\NC@list=\toks26
\extratabsurround=\skip57
\backup@length=\skip58
\ar@cellbox=\box58
)
(C:\Users\MyPC PRO\AppData\Local\Programs\MiKTeX\tex/latex/url\url.sty
\Urlmuskip=\muskip18
Package: url 2013/09/16  ver 3.4  Verb mode for urls, etc.
)
(C:\Users\MyPC PRO\AppData\Local\Programs\MiKTeX\tex/latex/xcolor\xcolor.sty
Package: xcolor 2024/09/29 v3.02 LaTeX color extensions (UK)

(C:\Users\MyPC PRO\AppData\Local\Programs\MiKTeX\tex/latex/graphics-cfg\color.c
fg
File: color.cfg 2016/01/02 v1.6 sample color configuration
)
Package xcolor Info: Driver file: pdftex.def on input line 274.

(C:\Users\MyPC PRO\AppData\Local\Programs\MiKTeX\tex/latex/graphics\mathcolor.l
tx)
Package xcolor Info: Model `cmy' substituted by `cmy0' on input line 1349.
Package xcolor Info: Model `hsb' substituted by `rgb' on input line 1353.
Package xcolor Info: Model `RGB' extended on input line 1365.
Package xcolor Info: Model `HTML' substituted by `rgb' on input line 1367.
Package xcolor Info: Model `Hsb' substituted by `hsb' on input line 1368.
Package xcolor Info: Model `tHsb' substituted by `hsb' on input line 1369.
Package xcolor Info: Model `HSB' substituted by `hsb' on input line 1370.
Package xcolor Info: Model `Gray' substituted by `gray' on input line 1371.
Package xcolor Info: Model `wave' substituted by `hsb' on input line 1372.
) (C:\Users\MyPC PRO\AppData\Local\Programs\MiKTeX\tex/latex/cite\cite.sty
LaTeX Info: Redefining \cite on input line 302.
LaTeX Info: Redefining \nocite on input line 332.
Package: cite 2015/02/27  v 5.5
)
(C:\Users\MyPC PRO\AppData\Local\Programs\MiKTeX\tex/latex/preprint\balance.sty
Package: balance 1999/02/23 4.3 (PWD)
\oldvsize=\dimen199
)
(C:\Users\MyPC PRO\AppData\Local\Programs\MiKTeX\tex/latex/l3backend\l3backend-
pdftex.def
File: l3backend-pdftex.def 2025-10-09 L3 backend support: PDF output (pdfTeX)
\l__color_backend_stack_int=\count307
) (manuscript_humanized.aux)
\openout1 = `manuscript_humanized.aux'.

LaTeX Font Info:    Checking defaults for OML/cmm/m/it on input line 26.
LaTeX Font Info:    ... okay on input line 26.
LaTeX Font Info:    Checking defaults for OMS/cmsy/m/n on input line 26.
LaTeX Font Info:    ... okay on input line 26.
LaTeX Font Info:    Checking defaults for OT1/cmr/m/n on input line 26.
LaTeX Font Info:    ... okay on input line 26.
LaTeX Font Info:    Checking defaults for T1/cmr/m/n on input line 26.
LaTeX Font Info:    ... okay on input line 26.
LaTeX Font Info:    Checking defaults for TS1/cmr/m/n on input line 26.
LaTeX Font Info:    ... okay on input line 26.
LaTeX Font Info:    Checking defaults for OMX/cmex/m/n on input line 26.
LaTeX Font Info:    ... okay on input line 26.
LaTeX Font Info:    Checking defaults for U/cmr/m/n on input line 26.
LaTeX Font Info:    ... okay on input line 26.

-- Lines per column: 58 (exact).

(C:\Users\MyPC PRO\AppData\Local\Programs\MiKTeX\tex/context/base/mkii\supp-pdf
.mkii
[Loading MPS to PDF converter (version 2006.09.02).]
\scratchcounter=\count308
\scratchdimen=\dimen256
\scratchbox=\box59
\nofMPsegments=\count309
\nofMParguments=\count310
\everyMPshowfont=\toks27
\MPscratchCnt=\count311
\MPscratchDim=\dimen257
\MPnumerator=\count312
\makeMPintoPDFobject=\count313
\everyMPtoPDFconversion=\toks28
)
(C:\Users\MyPC PRO\AppData\Local\Programs\MiKTeX\tex/latex/epstopdf-pkg\epstopd
f-base.sty
Package: epstopdf-base 2020-01-24 v2.11 Base part for package epstopdf
Package epstopdf-base Info: Redefining graphics rule for `.eps' on input line 4
85.

(C:\Users\MyPC PRO\AppData\Local\Programs\MiKTeX\tex/latex/00miktex\epstopdf-sy
s.cfg
File: epstopdf-sys.cfg 2021/03/18 v2.0 Configuration of epstopdf for MiKTeX
))
Underfull \vbox (badness 10000) has occurred while \output is active []

 [1{C:/Users/MyPC PRO/AppData/Local/MiKTeX/fonts/map/pdftex/pdftex.map}{C:/User
s/MyPC PRO/AppData/Local/Programs/MiKTeX/fonts/enc/dvips/base/8r.enc}


]
LaTeX Font Info:    Trying to load font information for U+msa on input line 80.


(C:\Users\MyPC PRO\AppData\Local\Programs\MiKTeX\tex/latex/amsfonts\umsa.fd
File: umsa.fd 2013/01/14 v3.01 AMS symbols A
)
LaTeX Font Info:    Trying to load font information for U+msb on input line 80.


(C:\Users\MyPC PRO\AppData\Local\Programs\MiKTeX\tex/latex/amsfonts\umsb.fd
File: umsb.fd 2013/01/14 v3.01 AMS symbols B
)

pdfTeX warning: pdflatex.exe (file ./figures/methodology_flowchart.pdf): PDF in
clusion: found PDF version <1.7>, but at most version <1.5> allowed
<figures/methodology_flowchart.pdf, id=8, 429.52469pt x 608.2725pt>
File: figures/methodology_flowchart.pdf Graphic file (type pdf)
<use figures/methodology_flowchart.pdf>
Package pdftex.def Info: figures/methodology_flowchart.pdf  used on input line 
99.
(pdftex.def)             Requested size: 252.0pt x 356.87286pt.
<figures/sample_eurosat.pdf, id=9, 171.10756pt x 374.64766pt>
File: figures/sample_eurosat.pdf Graphic file (type pdf)
<use figures/sample_eurosat.pdf>
Package pdftex.def Info: figures/sample_eurosat.pdf  used on input line 116.
(pdftex.def)             Requested size: 247.6778pt x 542.33911pt.
<figures/sample_ucmerced.pdf, id=10, 181.30682pt x 400.08673pt>
File: figures/sample_ucmerced.pdf Graphic file (type pdf)
<use figures/sample_ucmerced.pdf>
Package pdftex.def Info: figures/sample_ucmerced.pdf  used on input line 117.
(pdftex.def)             Requested size: 247.6778pt x 546.57098pt.
[2]
LaTeX Font Info:    Trying to load font information for TS1+ptm on input line 1
60.
 (C:\Users\MyPC PRO\AppData\Local\Programs\MiKTeX\tex/latex/psnfss\ts1ptm.fd
File: ts1ptm.fd 2001/06/04 font definitions for TS1/ptm.
)
<figures/augmentation.pdf, id=16, 212.54042pt x 230.22816pt>
File: figures/augmentation.pdf Graphic file (type pdf)
<use figures/augmentation.pdf>
Package pdftex.def Info: figures/augmentation.pdf  used on input line 166.
(pdftex.def)             Requested size: 252.0pt x 272.98073pt.
 [3 <./figures/methodology_flowchart.pdf>] [4 <./figures/sample_eurosat.pdf> <.
/figures/sample_ucmerced.pdf>]
<figures/accuracy_comparison.pdf, id=224, 237.67984pt x 175.96526pt>
File: figures/accuracy_comparison.pdf Graphic file (type pdf)
<use figures/accuracy_comparison.pdf>
Package pdftex.def Info: figures/accuracy_comparison.pdf  used on input line 24
4.
(pdftex.def)             Requested size: 252.0pt x 186.5706pt.
<figures/curves_eurosat.pdf, id=225, 229.03192pt x 291.29703pt>
File: figures/curves_eurosat.pdf Graphic file (type pdf)
<use figures/curves_eurosat.pdf>
Package pdftex.def Info: figures/curves_eurosat.pdf  used on input line 255.
(pdftex.def)             Requested size: 252.0pt x 320.50772pt.
<figures/curves_ucmerced.pdf, id=226, 229.03192pt x 291.29703pt>
File: figures/curves_ucmerced.pdf Graphic file (type pdf)
<use figures/curves_ucmerced.pdf>
Package pdftex.def Info: figures/curves_ucmerced.pdf  used on input line 264.
(pdftex.def)             Requested size: 252.0pt x 320.50772pt.

Underfull \hbox (badness 1701) in paragraph at lines 273--274
 \T1/ptm/m/it/10 1) Eu-roSAT: [][] \T1/ptm/m/n/10 The per-class F1 heatmap for 
Eu-roSAT
 []

[5 <./figures/augmentation.pdf> <./figures/accuracy_comparison.pdf>]
<figures/per_class_f1_eurosat.pdf, id=349, 249.3315pt x 249.3315pt>
File: figures/per_class_f1_eurosat.pdf Graphic file (type pdf)
<use figures/per_class_f1_eurosat.pdf>
Package pdftex.def Info: figures/per_class_f1_eurosat.pdf  used on input line 2
77.
(pdftex.def)             Requested size: 252.0pt x 252.00162pt.
<figures/per_class_f1_ucmerced.pdf, id=350, 249.3315pt x 249.3315pt>
File: figures/per_class_f1_ucmerced.pdf Graphic file (type pdf)
<use figures/per_class_f1_ucmerced.pdf>
Package pdftex.def Info: figures/per_class_f1_ucmerced.pdf  used on input line 
288.
(pdftex.def)             Requested size: 252.0pt x 252.00162pt.
<figures/mcnemar_eurosat.pdf, id=351, 240.08011pt x 192.94019pt>
File: figures/mcnemar_eurosat.pdf Graphic file (type pdf)
<use figures/mcnemar_eurosat.pdf>
Package pdftex.def Info: figures/mcnemar_eurosat.pdf  used on input line 299.
(pdftex.def)             Requested size: 252.0pt x 202.51955pt.
 [6 <./figures/curves_eurosat.pdf> <./figures/curves_ucmerced.pdf> <./figures/p
er_class_f1_eurosat.pdf>]
<figures/mcnemar_ucmerced.pdf, id=562, 240.08011pt x 192.94019pt>
File: figures/mcnemar_ucmerced.pdf Graphic file (type pdf)
<use figures/mcnemar_ucmerced.pdf>
Package pdftex.def Info: figures/mcnemar_ucmerced.pdf  used on input line 308.
(pdftex.def)             Requested size: 252.0pt x 202.51955pt.
<figures/prediction_analysis.pdf, id=563, 251.23988pt x 283.05037pt>
File: figures/prediction_analysis.pdf Graphic file (type pdf)
<use figures/prediction_analysis.pdf>
Package pdftex.def Info: figures/prediction_analysis.pdf  used on input line 31
9.
(pdftex.def)             Requested size: 252.0pt x 283.90913pt.
 [7 <./figures/per_class_f1_ucmerced.pdf> <./figures/mcnemar_eurosat.pdf> <./fi
gures/mcnemar_ucmerced.pdf>]
<figures/misclassified_eurosat.pdf, id=798, 230.56915pt x 562.22449pt>
File: figures/misclassified_eurosat.pdf Graphic file (type pdf)
<use figures/misclassified_eurosat.pdf>
Package pdftex.def Info: figures/misclassified_eurosat.pdf  used on input line 
330.
(pdftex.def)             Requested size: 247.6778pt x 603.9506pt.
<figures/misclassified_ucmerced.pdf, id=799, 229.189pt x 562.22449pt>
File: figures/misclassified_ucmerced.pdf Graphic file (type pdf)
<use figures/misclassified_ucmerced.pdf>
Package pdftex.def Info: figures/misclassified_ucmerced.pdf  used on input line
 331.
(pdftex.def)             Requested size: 247.6778pt x 607.57945pt.
<figures/efficiency_eurosat.pdf, id=800, 237.55374pt x 226.4115pt>
File: figures/efficiency_eurosat.pdf Graphic file (type pdf)
<use figures/efficiency_eurosat.pdf>
Package pdftex.def Info: figures/efficiency_eurosat.pdf  used on input line 342
.
(pdftex.def)             Requested size: 252.0pt x 240.18504pt.

Underfull \vbox (badness 1308) has occurred while \output is active []

 [8 <./figures/prediction_analysis.pdf>] [9 <./figures/misclassified_eurosat.pd
f> <./figures/misclassified_ucmerced.pdf>] [10 <./figures/efficiency_eurosat.pd
f>]
Underfull \hbox (badness 7522) in paragraph at lines 409--410
[]\T1/ptm/m/n/10 From a de-ploy-ment per-spec-tive, EfficientNet-B0 or
 []

(manuscript_humanized.bbl) [11] (manuscript_humanized.aux)
 ***********
LaTeX2e <2025-11-01>
L3 programming layer <2025-12-24>
 ***********
 ) 
Here is how much of TeX's memory you used:
 4806 strings out of 467871
 78016 string characters out of 5416888
 521592 words of memory out of 5000000
 33618 multiletter control sequences out of 15000+600000
 747076 words of font info for 158 fonts, out of 8000000 for 9000
 1141 hyphenation exceptions out of 8191
 57i,9n,65p,1468b,303s stack positions out of 10000i,1000n,20000p,200000b,200000s
<C:/Users/MyPC PRO/AppData/Local/Programs/MiKTeX/fonts/type1/public/amsfonts/
cm/cmmi10.pfb><C:/Users/MyPC PRO/AppData/Local/Programs/MiKTeX/fonts/type1/publ
ic/amsfonts/cm/cmmi8.pfb><C:/Users/MyPC PRO/AppData/Local/Programs/MiKTeX/fonts
/type1/public/amsfonts/cm/cmr10.pfb><C:/Users/MyPC PRO/AppData/Local/Programs/M
iKTeX/fonts/type1/public/amsfonts/cm/cmr7.pfb><C:/Users/MyPC PRO/AppData/Local/
Programs/MiKTeX/fonts/type1/public/amsfonts/cm/cmr8.pfb><C:/Users/MyPC PRO/AppD
ata/Local/Programs/MiKTeX/fonts/type1/public/amsfonts/cm/cmsy10.pfb><C:/Users/M
yPC PRO/AppData/Local/Programs/MiKTeX/fonts/type1/public/amsfonts/cm/cmsy7.pfb>
<C:/Users/MyPC PRO/AppData/Local/Programs/MiKTeX/fonts/type1/public/amsfonts/cm
/cmsy8.pfb><C:/Users/MyPC PRO/AppData/Local/Programs/MiKTeX/fonts/type1/urw/tim
es/utmb8a.pfb><C:/Users/MyPC PRO/AppData/Local/Programs/MiKTeX/fonts/type1/urw/
times/utmbi8a.pfb><C:/Users/MyPC PRO/AppData/Local/Programs/MiKTeX/fonts/type1/
urw/times/utmr8a.pfb><C:/Users/MyPC PRO/AppData/Local/Programs/MiKTeX/fonts/typ
e1/urw/times/utmri8a.pfb>
Output written on manuscript_humanized.pdf (11 pages, 4279698 bytes).
PDF statistics:
 1162 PDF objects out of 1200 (max. 8388607)
 0 named destinations out of 1000 (max. 500000)
 76 words of extra memory for PDF output out of 10000 (max. 10000000)

